<?xml version="1.0" encoding="UTF-8"?>
<testng-results ignored="0" total="1" passed="1" failed="0" skipped="0">
  <reporter-output>
  </reporter-output>
  <suite started-at="2022-10-16T20:49:03 IST" name="Default suite" finished-at="2022-10-16T20:56:15 IST" duration-ms="431842">
    <groups>
    </groups>
    <test started-at="2022-10-16T20:49:03 IST" name="Default test" finished-at="2022-10-16T20:56:15 IST" duration-ms="431842">
      <class name="tests.VerifyPayment">
        <test-method signature="verifyPayment()[pri:0, instance:tests.VerifyPayment@1349883]" started-at="2022-10-16T20:49:03 IST" name="verifyPayment" finished-at="2022-10-16T20:56:15 IST" duration-ms="431702" status="PASS">
          <reporter-output>
          </reporter-output>
        </test-method> <!-- verifyPayment -->
      </class> <!-- tests.VerifyPayment -->
    </test> <!-- Default test -->
  </suite> <!-- Default suite -->
</testng-results>
